<?xml version="1.0" encoding="UTF-8"?>
<!-- Generated by org.testng.reporters.JUnitReportReporter -->
<testsuite skipped="0" hostname="DESKTOP-FGA0NH0" name="org.sample.Data4" tests="3" failures="0" timestamp="27 Sep 2022 16:47:38 GMT" time="2.124" errors="0">
  <testcase name="t2" time="0.052" classname="org.sample.Data4"/>
  <testcase name="t1" time="1.824" classname="org.sample.Data4"/>
  <testcase name="t3" time="0.248" classname="org.sample.Data4"/>
</testsuite> <!-- org.sample.Data4 -->
