<?xml version="1.0" encoding="UTF-8"?>
<!-- Generated by org.testng.reporters.JUnitReportReporter -->
<testsuite skipped="1" hostname="DESKTOP-FGA0NH0" name="org.sample.Data" tests="7" failures="0" timestamp="27 Sep 2022 14:21:44 GMT" time="0.632" errors="0">
  <testcase name="t4" time="0.017" classname="org.sample.Data"/>
  <testcase name="t3" time="0.011" classname="org.sample.Data"/>
  <testcase name="t3" time="0.001" classname="org.sample.Data"/>
  <testcase name="t3" time="0.003" classname="org.sample.Data"/>
  <testcase name="t2" time="0.071" classname="org.sample.Data"/>
  <testcase name="t5" time="0.529" classname="org.sample.Data"/>
  <testcase name="t1" classname="org.sample.Data">
    <skipped/>
  </testcase> <!-- t1 -->
</testsuite> <!-- org.sample.Data -->
