<?xml version="1.0" encoding="UTF-8"?>
<!-- Generated by org.testng.reporters.JUnitReportReporter -->
<testsuite skipped="0" hostname="DESKTOP-FGA0NH0" name="org.sample.Data7" tests="2" failures="0" timestamp="28 Sep 2022 08:30:05 GMT" time="6.637" errors="0">
  <testcase name="tc1" time="6.583" classname="org.sample.Data7"/>
  <testcase name="tc2" time="0.054" classname="org.sample.Data7"/>
</testsuite> <!-- org.sample.Data7 -->
