<?xml version="1.0" encoding="UTF-8"?>
<!-- Generated by org.testng.reporters.JUnitReportReporter -->
<testsuite skipped="0" hostname="DESKTOP-FGA0NH0" name="org.sample.Data11a" tests="1" failures="0" timestamp="27 Sep 2022 16:26:18 GMT" time="0.002" errors="0">
  <testcase name="t22" time="0.002" classname="org.sample.Data11a"/>
</testsuite> <!-- org.sample.Data11a -->
