<?xml version="1.0" encoding="UTF-8"?>
<!-- Generated by org.testng.reporters.JUnitReportReporter -->
<testsuite skipped="0" hostname="DESKTOP-FGA0NH0" name="org.sample.Data11" tests="2" failures="0" timestamp="27 Sep 2022 16:26:18 GMT" time="4.374" errors="0">
  <testcase name="t3" time="0.117" classname="org.sample.Data11"/>
  <testcase name="t1" time="4.257" classname="org.sample.Data11"/>
</testsuite> <!-- org.sample.Data11 -->
